ec
braille
fancyhdr
endnotes
enumitem
endnotes
covington
fancyvrb
accents
algorithm
amstext
arabi
array
babel
bibtopic
bm
booktabs
braille
breakurl
CJKutf8
calc
color
covington
csquotes
dvipost
endnotes
enumitem
esint
fontspec
hhline
ifsym
ifthen
fancybox
fancyhdr
fixltx2e
fix-cm
float
framed
geometry
graphicx
hyperref
hyphenat
jurabib
latex8
lettrine
listings
lithuanian
longtable
luainputenc
mathdots
mathrsfs
mhchem
mongolian
multirow
natbib
nicefrac
nomencl
pdfcolmk
polyglossia
pdfpages
prettyref
preview
refstyle
rotating
rotfloat
setspace
slashed
soul
splitidx
subfig
textcomp
turkmen
ulem
undertilde
units
url
varioref
wasysym
wrapfig
xargs
xcolor
psnfss
avant
bookman
chancery
charter
courier
helvet
mathpazo
mathpple
mathptm
mathptmx
newcent
pifont
utopia
ae
bera
ccfonts
cmbright
eco
feyn
fourier
lmodern
luximono
tipa
zhmetrics
